<?xml version="1.0" encoding="UTF-8"?>
<!-- Generated by org.testng.reporters.JUnitReportReporter -->
<testsuite hostname="DESKTOP-MVE14DD" failures="0" tests="1" name="testcase.Makemytrip" time="0.551" errors="0" timestamp="2024-01-25T16:41:40 IST" skipped="0">
  <testcase classname="testcase.Makemytrip" name="make" time="0.551"/>
</testsuite> <!-- testcase.Makemytrip -->
